<?xml version="1.0" encoding="UTF-8"?>
<!-- Generated by org.testng.reporters.JUnitReportReporter -->
<testsuite hostname="DESKTOP-M4R7HM1" failures="0" tests="1" name="TestMain" time="8.091" errors="0" timestamp="20 февр. 2022 06:55:44 GMT" skipped="0">
  <testcase classname="TestMain" name="testTesting" time="8.091"/>
</testsuite> <!-- TestMain -->
